<?xml version="1.0" encoding="UTF-8"?>
<!-- Generated by org.testng.reporters.JUnitReportReporter -->
<testsuite hostname="DESKTOP-TANUDV2" failures="0" tests="2" name="utilities.SeleniumGrid" time="9.019" errors="0" timestamp="2024-02-12T12:22:01 IST" skipped="0">
  <testcase classname="utilities.SeleniumGrid" name="setUp" time="3.896"/>
  <testcase classname="utilities.SeleniumGrid" name="testRegistration" time="5.123"/>
</testsuite> <!-- utilities.SeleniumGrid -->
