<?xml version="1.0" encoding="UTF-8"?>
<!-- Generated by org.testng.reporters.JUnitReportReporter -->
<testsuite hostname="DESKTOP-TANUDV2" failures="0" tests="2" name="pages.LoginTest" time="0.774" errors="0" timestamp="2024-02-10T18:17:17 IST" skipped="0">
  <testcase classname="pages.LoginTest" name="navigate_to_loginPage" time="0.573"/>
  <testcase classname="pages.LoginTest" name="enterCredentials" time="0.201"/>
</testsuite> <!-- pages.LoginTest -->
