<?xml version="1.0" encoding="UTF-8"?>
<!-- Generated by org.testng.reporters.JUnitReportReporter -->
<testsuite hostname="DESKTOP-TANUDV2" failures="0" tests="1" name="utilities.MyTestListener" time="5.557" errors="0" timestamp="2024-02-12T13:27:52 IST" skipped="0">
  <testcase classname="utilities.MyTestListener" name="LoginFailTest" time="5.557"/>
</testsuite> <!-- utilities.MyTestListener -->
