<?xml version="1.0" encoding="UTF-8"?>
<!-- Generated by org.testng.reporters.JUnitReportReporter -->
<testsuite hostname="DESKTOP-TANUDV2" failures="0" tests="2" name="utilities.AmazonTest" time="7.350" errors="0" timestamp="2024-02-12T11:57:18 IST" skipped="0">
  <testcase classname="utilities.AmazonTest" name="testSearch1" time="2.814"/>
  <testcase classname="utilities.AmazonTest" name="testSearch2" time="4.536"/>
</testsuite> <!-- utilities.AmazonTest -->
