<?xml version="1.0" encoding="UTF-8"?>
<!-- Generated by org.testng.reporters.JUnitReportReporter -->
<testsuite hostname="DESKTOP-TANUDV2" failures="0" tests="2" name="utilities.AmazonTest" time="11.383" errors="0" timestamp="2024-02-10T20:40:23 IST" skipped="0">
  <testcase classname="utilities.AmazonTest" name="testSearch1" time="6.452"/>
  <testcase classname="utilities.AmazonTest" name="testSearch2" time="4.931"/>
</testsuite> <!-- utilities.AmazonTest -->
