<?xml version="1.0" encoding="UTF-8"?>
<!-- Generated by org.testng.reporters.JUnitReportReporter -->
<testsuite hostname="DESKTOP-TANUDV2" failures="0" tests="2" name="pages.LoginTest" time="0.794" errors="0" timestamp="2024-02-12T13:07:53 IST" skipped="0">
  <testcase classname="pages.LoginTest" name="navigate_to_loginPage" time="0.585"/>
  <testcase classname="pages.LoginTest" name="enterCredentials" time="0.209"/>
</testsuite> <!-- pages.LoginTest -->
