<?xml version="1.0" encoding="UTF-8"?>
<!-- Generated by org.testng.reporters.JUnitReportReporter -->
<testsuite hostname="DESKTOP-TANUDV2" failures="0" tests="1" name="utilities.ListenersDemo_Reports" time="5.356" errors="0" timestamp="2024-02-12T13:28:35 IST" skipped="0">
  <testcase classname="utilities.ListenersDemo_Reports" name="LoginFailTest" time="5.356"/>
</testsuite> <!-- utilities.ListenersDemo_Reports -->
